This file contains any messages produced by compilers while
running configure, to aid debugging if configure makes a mistake.

It was created by configure, which was
generated by GNU Autoconf 2.69.  Invocation command line was

  $ ./configure --with-extra-includes=/usr/local/include --with-extra-includes=/usr/include/postgresql/ --with-pgsql-home=/usr/local/pgsql/ --enable-modules=cservice,ccontrol

## --------- ##
## Platform. ##
## --------- ##

hostname = scw-a94e42
uname -m = x86_64
uname -r = 4.5.1-std-1
uname -s = Linux
uname -v = #1 SMP Mon Apr 18 19:58:58 UTC 2016

/usr/bin/uname -p = unknown
/bin/uname -X     = unknown

/bin/arch              = unknown
/usr/bin/arch -k       = unknown
/usr/convex/getsysinfo = unknown
/usr/bin/hostinfo      = unknown
/bin/machine           = unknown
/usr/bin/oslevel       = unknown
/bin/universe          = unknown

PATH: /usr/local/sbin
PATH: /usr/local/bin
PATH: /usr/sbin
PATH: /usr/bin
PATH: /sbin
PATH: /bin
PATH: /usr/games


## ----------- ##
## Core tests. ##
## ----------- ##

configure:2574: checking for a BSD-compatible install
configure:2642: result: /usr/bin/install -c
configure:2653: checking whether build environment is sane
configure:2708: result: yes
configure:2746: WARNING: 'missing' script is too old or missing
configure:2859: checking for a thread-safe mkdir -p
configure:2898: result: /bin/mkdir -p
configure:2905: checking for gawk
configure:2935: result: no
configure:2905: checking for mawk
configure:2921: found /usr/bin/mawk
configure:2932: result: mawk
configure:2943: checking whether make sets $(MAKE)
configure:2965: result: yes
configure:2994: checking whether make supports nested variables
configure:3011: result: yes
configure:3198: checking for g++
configure:3214: found /usr/bin/g++
configure:3225: result: g++
configure:3252: checking for C++ compiler version
configure:3261: g++ --version >&5
g++ (Ubuntu/Linaro 4.7.3-2ubuntu1~12.04) 4.7.3
Copyright (C) 2012 Free Software Foundation, Inc.
This is free software; see the source for copying conditions.  There is NO
warranty; not even for MERCHANTABILITY or FITNESS FOR A PARTICULAR PURPOSE.

configure:3272: $? = 0
configure:3261: g++ -v >&5
Using built-in specs.
COLLECT_GCC=g++
COLLECT_LTO_WRAPPER=/usr/lib/gcc/x86_64-linux-gnu/4.7/lto-wrapper
Target: x86_64-linux-gnu
Configured with: ../src/configure -v --with-pkgversion='Ubuntu/Linaro 4.7.3-2ubuntu1~12.04' --with-bugurl=file:///usr/share/doc/gcc-4.7/README.Bugs --enable-languages=c,c++,go,fortran,objc,obj-c++ --prefix=/usr --program-suffix=-4.7 --enable-shared --enable-linker-build-id --libexecdir=/usr/lib --without-included-gettext --enable-threads=posix --with-gxx-include-dir=/usr/include/c++/4.7 --libdir=/usr/lib --enable-nls --with-sysroot=/ --enable-clocale=gnu --enable-libstdcxx-debug --enable-libstdcxx-time=yes --enable-gnu-unique-object --enable-plugin --with-system-zlib --enable-objc-gc --enable-multiarch --disable-werror --with-arch-32=i686 --with-abi=m64 --with-multilib-list=m32,m64 --with-tune=generic --enable-checking=release --build=x86_64-linux-gnu --host=x86_64-linux-gnu --target=x86_64-linux-gnu
Thread model: posix
gcc version 4.7.3 (Ubuntu/Linaro 4.7.3-2ubuntu1~12.04) 
configure:3272: $? = 0
configure:3261: g++ -V >&5
g++: error: unrecognized command line option '-V'
g++: fatal error: no input files
compilation terminated.
configure:3272: $? = 4
configure:3261: g++ -qversion >&5
g++: error: unrecognized command line option '-qversion'
g++: fatal error: no input files
compilation terminated.
configure:3272: $? = 4
configure:3292: checking whether the C++ compiler works
configure:3314: g++    conftest.cpp  >&5
configure:3318: $? = 0
configure:3366: result: yes
configure:3369: checking for C++ compiler default output file name
configure:3371: result: a.out
configure:3377: checking for suffix of executables
configure:3384: g++ -o conftest    conftest.cpp  >&5
configure:3388: $? = 0
configure:3410: result: 
configure:3432: checking whether we are cross compiling
configure:3440: g++ -o conftest    conftest.cpp  >&5
configure:3444: $? = 0
configure:3451: ./conftest
configure:3455: $? = 0
configure:3470: result: no
configure:3475: checking for suffix of object files
configure:3497: g++ -c   conftest.cpp >&5
configure:3501: $? = 0
configure:3522: result: o
configure:3526: checking whether we are using the GNU C++ compiler
configure:3545: g++ -c   conftest.cpp >&5
configure:3545: $? = 0
configure:3554: result: yes
configure:3563: checking whether g++ accepts -g
configure:3583: g++ -c -g  conftest.cpp >&5
configure:3583: $? = 0
configure:3624: result: yes
configure:3658: checking for style of include used by make
configure:3686: result: GNU
configure:3712: checking dependency style of g++
configure:3823: result: gcc3
configure:3845: checking whether make sets $(MAKE)
configure:3867: result: yes
configure:3967: checking whether to enable maintainer-specific portions of Makefiles
configure:3976: result: no
configure:3990: checking for library containing strerror
configure:4021: g++ -o conftest -g -O2   conftest.cpp  >&5
configure:4021: $? = 0
configure:4038: result: none required
configure:4081: checking build system type
configure:4095: result: x86_64-unknown-linux-gnu
configure:4115: checking host system type
configure:4128: result: x86_64-unknown-linux-gnu
configure:4169: checking how to print strings
configure:4196: result: printf
configure:4265: checking for gcc
configure:4281: found /usr/bin/gcc
configure:4292: result: gcc
configure:4521: checking for C compiler version
configure:4530: gcc --version >&5
gcc (Ubuntu/Linaro 4.7.3-2ubuntu1~12.04) 4.7.3
Copyright (C) 2012 Free Software Foundation, Inc.
This is free software; see the source for copying conditions.  There is NO
warranty; not even for MERCHANTABILITY or FITNESS FOR A PARTICULAR PURPOSE.

configure:4541: $? = 0
configure:4530: gcc -v >&5
Using built-in specs.
COLLECT_GCC=gcc
COLLECT_LTO_WRAPPER=/usr/lib/gcc/x86_64-linux-gnu/4.7/lto-wrapper
Target: x86_64-linux-gnu
Configured with: ../src/configure -v --with-pkgversion='Ubuntu/Linaro 4.7.3-2ubuntu1~12.04' --with-bugurl=file:///usr/share/doc/gcc-4.7/README.Bugs --enable-languages=c,c++,go,fortran,objc,obj-c++ --prefix=/usr --program-suffix=-4.7 --enable-shared --enable-linker-build-id --libexecdir=/usr/lib --without-included-gettext --enable-threads=posix --with-gxx-include-dir=/usr/include/c++/4.7 --libdir=/usr/lib --enable-nls --with-sysroot=/ --enable-clocale=gnu --enable-libstdcxx-debug --enable-libstdcxx-time=yes --enable-gnu-unique-object --enable-plugin --with-system-zlib --enable-objc-gc --enable-multiarch --disable-werror --with-arch-32=i686 --with-abi=m64 --with-multilib-list=m32,m64 --with-tune=generic --enable-checking=release --build=x86_64-linux-gnu --host=x86_64-linux-gnu --target=x86_64-linux-gnu
Thread model: posix
gcc version 4.7.3 (Ubuntu/Linaro 4.7.3-2ubuntu1~12.04) 
configure:4541: $? = 0
configure:4530: gcc -V >&5
gcc: error: unrecognized command line option '-V'
gcc: fatal error: no input files
compilation terminated.
configure:4541: $? = 4
configure:4530: gcc -qversion >&5
gcc: error: unrecognized command line option '-qversion'
gcc: fatal error: no input files
compilation terminated.
configure:4541: $? = 4
configure:4545: checking whether we are using the GNU C compiler
configure:4564: gcc -c   conftest.c >&5
configure:4564: $? = 0
configure:4573: result: yes
configure:4582: checking whether gcc accepts -g
configure:4602: gcc -c -g  conftest.c >&5
configure:4602: $? = 0
configure:4643: result: yes
configure:4660: checking for gcc option to accept ISO C89
configure:4723: gcc  -c -g -O2  conftest.c >&5
configure:4723: $? = 0
configure:4736: result: none needed
configure:4761: checking whether gcc understands -c and -o together
configure:4783: gcc -c conftest.c -o conftest2.o
configure:4786: $? = 0
configure:4783: gcc -c conftest.c -o conftest2.o
configure:4786: $? = 0
configure:4798: result: yes
configure:4817: checking dependency style of gcc
configure:4928: result: gcc3
configure:4943: checking for a sed that does not truncate output
configure:5007: result: /bin/sed
configure:5025: checking for grep that handles long lines and -e
configure:5083: result: /bin/grep
configure:5088: checking for egrep
configure:5150: result: /bin/grep -E
configure:5155: checking for fgrep
configure:5217: result: /bin/grep -F
configure:5252: checking for ld used by gcc
configure:5319: result: /usr/bin/ld
configure:5326: checking if the linker (/usr/bin/ld) is GNU ld
configure:5341: result: yes
configure:5353: checking for BSD- or MS-compatible name lister (nm)
configure:5402: result: /usr/bin/nm -B
configure:5532: checking the name lister (/usr/bin/nm -B) interface
configure:5539: g++ -c -g -O2  conftest.cpp >&5
configure:5542: /usr/bin/nm -B "conftest.o"
configure:5545: output
0000000000000000 B some_variable
configure:5552: result: BSD nm
configure:5555: checking whether ln -s works
configure:5559: result: yes
configure:5567: checking the maximum length of command line arguments
configure:5698: result: 1572864
configure:5715: checking whether the shell understands some XSI constructs
configure:5725: result: yes
configure:5729: checking whether the shell understands "+="
configure:5735: result: yes
configure:5770: checking how to convert x86_64-unknown-linux-gnu file names to x86_64-unknown-linux-gnu format
configure:5810: result: func_convert_file_noop
configure:5817: checking how to convert x86_64-unknown-linux-gnu file names to toolchain format
configure:5837: result: func_convert_file_noop
configure:5844: checking for /usr/bin/ld option to reload object files
configure:5851: result: -r
configure:5925: checking for objdump
configure:5941: found /usr/bin/objdump
configure:5952: result: objdump
configure:5984: checking how to recognize dependent libraries
configure:6182: result: pass_all
configure:6267: checking for dlltool
configure:6297: result: no
configure:6327: checking how to associate runtime and link libraries
configure:6354: result: printf %s\n
configure:6414: checking for ar
configure:6430: found /usr/bin/ar
configure:6441: result: ar
configure:6478: checking for archiver @FILE support
configure:6495: g++ -c -g -O2  conftest.cpp >&5
configure:6495: $? = 0
configure:6498: ar cru libconftest.a @conftest.lst >&5
configure:6501: $? = 0
configure:6506: ar cru libconftest.a @conftest.lst >&5
ar: conftest.o: No such file or directory
configure:6509: $? = 1
configure:6521: result: @
configure:6579: checking for strip
configure:6595: found /usr/bin/strip
configure:6606: result: strip
configure:6678: checking for ranlib
configure:6694: found /usr/bin/ranlib
configure:6705: result: ranlib
configure:6807: checking command to parse /usr/bin/nm -B output from gcc object
configure:6927: g++ -c -g -O2  conftest.cpp >&5
configure:6930: $? = 0
configure:6934: /usr/bin/nm -B conftest.o \| sed -n -e 's/^.*[ ]\([ABCDGIRSTW][ABCDGIRSTW]*\)[ ][ ]*\([_A-Za-z][_A-Za-z0-9]*\)$/\1 \2 \2/p' | sed '/ __gnu_lto/d' \> conftest.nm
configure:6937: $? = 0
configure:7003: g++ -o conftest -g -O2   conftest.cpp conftstm.o >&5
configure:7006: $? = 0
configure:7044: result: ok
configure:7081: checking for sysroot
configure:7111: result: no
configure:7189: g++ -c -g -O2  conftest.cpp >&5
configure:7192: $? = 0
configure:7381: checking for mt
configure:7397: found /bin/mt
configure:7408: result: mt
configure:7431: checking if mt is a manifest tool
configure:7437: mt '-?'
configure:7445: result: no
configure:8087: checking how to run the C preprocessor
configure:8118: gcc -E  conftest.c
configure:8118: $? = 0
configure:8132: gcc -E  conftest.c
conftest.c:11:28: fatal error: ac_nonexistent.h: No such file or directory
compilation terminated.
configure:8132: $? = 1
configure: failed program was:
| /* confdefs.h */
| #define PACKAGE_NAME ""
| #define PACKAGE_TARNAME ""
| #define PACKAGE_VERSION ""
| #define PACKAGE_STRING ""
| #define PACKAGE_BUGREPORT ""
| #define PACKAGE_URL ""
| #define PACKAGE "gnuworld"
| #define VERSION "3.0"
| /* end confdefs.h.  */
| #include <ac_nonexistent.h>
configure:8157: result: gcc -E
configure:8177: gcc -E  conftest.c
configure:8177: $? = 0
configure:8191: gcc -E  conftest.c
conftest.c:11:28: fatal error: ac_nonexistent.h: No such file or directory
compilation terminated.
configure:8191: $? = 1
configure: failed program was:
| /* confdefs.h */
| #define PACKAGE_NAME ""
| #define PACKAGE_TARNAME ""
| #define PACKAGE_VERSION ""
| #define PACKAGE_STRING ""
| #define PACKAGE_BUGREPORT ""
| #define PACKAGE_URL ""
| #define PACKAGE "gnuworld"
| #define VERSION "3.0"
| /* end confdefs.h.  */
| #include <ac_nonexistent.h>
configure:8220: checking for ANSI C header files
configure:8240: gcc -c -g -O2  conftest.c >&5
configure:8240: $? = 0
configure:8313: gcc -o conftest -g -O2   conftest.c  >&5
configure:8313: $? = 0
configure:8313: ./conftest
configure:8313: $? = 0
configure:8324: result: yes
configure:8337: checking for sys/types.h
configure:8337: gcc -c -g -O2  conftest.c >&5
configure:8337: $? = 0
configure:8337: result: yes
configure:8337: checking for sys/stat.h
configure:8337: gcc -c -g -O2  conftest.c >&5
configure:8337: $? = 0
configure:8337: result: yes
configure:8337: checking for stdlib.h
configure:8337: gcc -c -g -O2  conftest.c >&5
configure:8337: $? = 0
configure:8337: result: yes
configure:8337: checking for string.h
configure:8337: gcc -c -g -O2  conftest.c >&5
configure:8337: $? = 0
configure:8337: result: yes
configure:8337: checking for memory.h
configure:8337: gcc -c -g -O2  conftest.c >&5
configure:8337: $? = 0
configure:8337: result: yes
configure:8337: checking for strings.h
configure:8337: gcc -c -g -O2  conftest.c >&5
configure:8337: $? = 0
configure:8337: result: yes
configure:8337: checking for inttypes.h
configure:8337: gcc -c -g -O2  conftest.c >&5
configure:8337: $? = 0
configure:8337: result: yes
configure:8337: checking for stdint.h
configure:8337: gcc -c -g -O2  conftest.c >&5
configure:8337: $? = 0
configure:8337: result: yes
configure:8337: checking for unistd.h
configure:8337: gcc -c -g -O2  conftest.c >&5
configure:8337: $? = 0
configure:8337: result: yes
configure:8351: checking for dlfcn.h
configure:8351: gcc -c -g -O2  conftest.c >&5
configure:8351: $? = 0
configure:8351: result: yes
configure:8505: checking for objdir
configure:8520: result: .libs
configure:8787: checking if gcc supports -fno-rtti -fno-exceptions
configure:8805: gcc -c -g -O2  -fno-rtti -fno-exceptions conftest.c >&5
cc1: warning: command line option '-fno-rtti' is valid for C++/ObjC++ but not for C [enabled by default]
configure:8809: $? = 0
configure:8822: result: no
configure:9149: checking for gcc option to produce PIC
configure:9156: result: -fPIC -DPIC
configure:9164: checking if gcc PIC flag -fPIC -DPIC works
configure:9182: gcc -c -g -O2  -fPIC -DPIC -DPIC conftest.c >&5
configure:9186: $? = 0
configure:9199: result: yes
configure:9228: checking if gcc static flag -static works
configure:9256: result: yes
configure:9271: checking if gcc supports -c -o file.o
configure:9292: gcc -c -g -O2  -o out/conftest2.o conftest.c >&5
configure:9296: $? = 0
configure:9318: result: yes
configure:9326: checking if gcc supports -c -o file.o
configure:9373: result: yes
configure:9406: checking whether the gcc linker (/usr/bin/ld -m elf_x86_64) supports shared libraries
configure:10563: result: yes
configure:10600: checking whether -lc should be explicitly linked in
configure:10608: gcc -c -g -O2  conftest.c >&5
configure:10611: $? = 0
configure:10626: gcc -shared  -fPIC -DPIC conftest.o  -v -Wl,-soname -Wl,conftest -o conftest 2\>\&1 \| /bin/grep  -lc  \>/dev/null 2\>\&1
configure:10629: $? = 0
configure:10643: result: no
configure:10803: checking dynamic linker characteristics
configure:11303: gcc -o conftest -g -O2   -Wl,-rpath -Wl,/foo conftest.c  >&5
configure:11303: $? = 0
configure:11537: result: GNU/Linux ld.so
configure:11644: checking how to hardcode library paths into programs
configure:11669: result: immediate
configure:11763: checking for shl_load
configure:11763: gcc -o conftest -g -O2   conftest.c  >&5
/tmp/ccZwlSWt.o: In function `main':
/home/gnuworld/ipv6/conftest.c:57: undefined reference to `shl_load'
collect2: error: ld returned 1 exit status
configure:11763: $? = 1
configure: failed program was:
| /* confdefs.h */
| #define PACKAGE_NAME ""
| #define PACKAGE_TARNAME ""
| #define PACKAGE_VERSION ""
| #define PACKAGE_STRING ""
| #define PACKAGE_BUGREPORT ""
| #define PACKAGE_URL ""
| #define PACKAGE "gnuworld"
| #define VERSION "3.0"
| #define STDC_HEADERS 1
| #define HAVE_SYS_TYPES_H 1
| #define HAVE_SYS_STAT_H 1
| #define HAVE_STDLIB_H 1
| #define HAVE_STRING_H 1
| #define HAVE_MEMORY_H 1
| #define HAVE_STRINGS_H 1
| #define HAVE_INTTYPES_H 1
| #define HAVE_STDINT_H 1
| #define HAVE_UNISTD_H 1
| #define HAVE_DLFCN_H 1
| #define LT_OBJDIR ".libs/"
| /* end confdefs.h.  */
| /* Define shl_load to an innocuous variant, in case <limits.h> declares shl_load.
|    For example, HP-UX 11i <limits.h> declares gettimeofday.  */
| #define shl_load innocuous_shl_load
| 
| /* System header to define __stub macros and hopefully few prototypes,
|     which can conflict with char shl_load (); below.
|     Prefer <limits.h> to <assert.h> if __STDC__ is defined, since
|     <limits.h> exists even on freestanding compilers.  */
| 
| #ifdef __STDC__
| # include <limits.h>
| #else
| # include <assert.h>
| #endif
| 
| #undef shl_load
| 
| /* Override any GCC internal prototype to avoid an error.
|    Use char because int might match the return type of a GCC
|    builtin and then its argument prototype would still apply.  */
| #ifdef __cplusplus
| extern "C"
| #endif
| char shl_load ();
| /* The GNU C library defines this for functions which it implements
|     to always fail with ENOSYS.  Some functions are actually named
|     something starting with __ and the normal name is an alias.  */
| #if defined __stub_shl_load || defined __stub___shl_load
| choke me
| #endif
| 
| int
| main ()
| {
| return shl_load ();
|   ;
|   return 0;
| }
configure:11763: result: no
configure:11767: checking for shl_load in -ldld
configure:11792: gcc -o conftest -g -O2   conftest.c -ldld   >&5
/usr/bin/ld: cannot find -ldld
collect2: error: ld returned 1 exit status
configure:11792: $? = 1
configure: failed program was:
| /* confdefs.h */
| #define PACKAGE_NAME ""
| #define PACKAGE_TARNAME ""
| #define PACKAGE_VERSION ""
| #define PACKAGE_STRING ""
| #define PACKAGE_BUGREPORT ""
| #define PACKAGE_URL ""
| #define PACKAGE "gnuworld"
| #define VERSION "3.0"
| #define STDC_HEADERS 1
| #define HAVE_SYS_TYPES_H 1
| #define HAVE_SYS_STAT_H 1
| #define HAVE_STDLIB_H 1
| #define HAVE_STRING_H 1
| #define HAVE_MEMORY_H 1
| #define HAVE_STRINGS_H 1
| #define HAVE_INTTYPES_H 1
| #define HAVE_STDINT_H 1
| #define HAVE_UNISTD_H 1
| #define HAVE_DLFCN_H 1
| #define LT_OBJDIR ".libs/"
| /* end confdefs.h.  */
| 
| /* Override any GCC internal prototype to avoid an error.
|    Use char because int might match the return type of a GCC
|    builtin and then its argument prototype would still apply.  */
| #ifdef __cplusplus
| extern "C"
| #endif
| char shl_load ();
| int
| main ()
| {
| return shl_load ();
|   ;
|   return 0;
| }
configure:11801: result: no
configure:11806: checking for dlopen
configure:11806: gcc -o conftest -g -O2   conftest.c  >&5
/tmp/cc59fsbC.o: In function `main':
/home/gnuworld/ipv6/conftest.c:57: undefined reference to `dlopen'
collect2: error: ld returned 1 exit status
configure:11806: $? = 1
configure: failed program was:
| /* confdefs.h */
| #define PACKAGE_NAME ""
| #define PACKAGE_TARNAME ""
| #define PACKAGE_VERSION ""
| #define PACKAGE_STRING ""
| #define PACKAGE_BUGREPORT ""
| #define PACKAGE_URL ""
| #define PACKAGE "gnuworld"
| #define VERSION "3.0"
| #define STDC_HEADERS 1
| #define HAVE_SYS_TYPES_H 1
| #define HAVE_SYS_STAT_H 1
| #define HAVE_STDLIB_H 1
| #define HAVE_STRING_H 1
| #define HAVE_MEMORY_H 1
| #define HAVE_STRINGS_H 1
| #define HAVE_INTTYPES_H 1
| #define HAVE_STDINT_H 1
| #define HAVE_UNISTD_H 1
| #define HAVE_DLFCN_H 1
| #define LT_OBJDIR ".libs/"
| /* end confdefs.h.  */
| /* Define dlopen to an innocuous variant, in case <limits.h> declares dlopen.
|    For example, HP-UX 11i <limits.h> declares gettimeofday.  */
| #define dlopen innocuous_dlopen
| 
| /* System header to define __stub macros and hopefully few prototypes,
|     which can conflict with char dlopen (); below.
|     Prefer <limits.h> to <assert.h> if __STDC__ is defined, since
|     <limits.h> exists even on freestanding compilers.  */
| 
| #ifdef __STDC__
| # include <limits.h>
| #else
| # include <assert.h>
| #endif
| 
| #undef dlopen
| 
| /* Override any GCC internal prototype to avoid an error.
|    Use char because int might match the return type of a GCC
|    builtin and then its argument prototype would still apply.  */
| #ifdef __cplusplus
| extern "C"
| #endif
| char dlopen ();
| /* The GNU C library defines this for functions which it implements
|     to always fail with ENOSYS.  Some functions are actually named
|     something starting with __ and the normal name is an alias.  */
| #if defined __stub_dlopen || defined __stub___dlopen
| choke me
| #endif
| 
| int
| main ()
| {
| return dlopen ();
|   ;
|   return 0;
| }
configure:11806: result: no
configure:11810: checking for dlopen in -ldl
configure:11835: gcc -o conftest -g -O2   conftest.c -ldl   >&5
configure:11835: $? = 0
configure:11844: result: yes
configure:11963: checking whether a program can dlopen itself
configure:12043: gcc -o conftest -g -O2  -DHAVE_DLFCN_H  -Wl,--export-dynamic conftest.c -ldl  >&5
configure:12046: $? = 0
configure:12064: result: yes
configure:12069: checking whether a statically linked program can dlopen itself
configure:12149: gcc -o conftest -g -O2  -DHAVE_DLFCN_H  -Wl,--export-dynamic -static conftest.c -ldl  >&5
/tmp/ccDcBJpY.o: In function `main':
/home/gnuworld/ipv6/configure:12128: warning: Using 'dlopen' in statically linked applications requires at runtime the shared libraries from the glibc version used for linking
/usr/bin/ld: dynamic STT_GNU_IFUNC symbol `strcmp' with pointer equality in `/usr/lib/gcc/x86_64-linux-gnu/4.7/../../../x86_64-linux-gnu/libc.a(strcmp.o)' can not be used when making an executable; recompile with -fPIE and relink with -pie
collect2: error: ld returned 1 exit status
configure:12152: $? = 1
configure:12170: result: no
configure:12209: checking whether stripping libraries is possible
configure:12214: result: yes
configure:12249: checking if libtool supports shared libraries
configure:12251: result: yes
configure:12254: checking whether to build shared libraries
configure:12275: result: yes
configure:12278: checking whether to build static libraries
configure:12282: result: no
configure:12305: checking how to run the C++ preprocessor
configure:12332: g++ -E  conftest.cpp
configure:12332: $? = 0
configure:12346: g++ -E  conftest.cpp
conftest.cpp:23:28: fatal error: ac_nonexistent.h: No such file or directory
compilation terminated.
configure:12346: $? = 1
configure: failed program was:
| /* confdefs.h */
| #define PACKAGE_NAME ""
| #define PACKAGE_TARNAME ""
| #define PACKAGE_VERSION ""
| #define PACKAGE_STRING ""
| #define PACKAGE_BUGREPORT ""
| #define PACKAGE_URL ""
| #define PACKAGE "gnuworld"
| #define VERSION "3.0"
| #define STDC_HEADERS 1
| #define HAVE_SYS_TYPES_H 1
| #define HAVE_SYS_STAT_H 1
| #define HAVE_STDLIB_H 1
| #define HAVE_STRING_H 1
| #define HAVE_MEMORY_H 1
| #define HAVE_STRINGS_H 1
| #define HAVE_INTTYPES_H 1
| #define HAVE_STDINT_H 1
| #define HAVE_UNISTD_H 1
| #define HAVE_DLFCN_H 1
| #define LT_OBJDIR ".libs/"
| /* end confdefs.h.  */
| #include <ac_nonexistent.h>
configure:12371: result: g++ -E
configure:12391: g++ -E  conftest.cpp
configure:12391: $? = 0
configure:12405: g++ -E  conftest.cpp
conftest.cpp:23:28: fatal error: ac_nonexistent.h: No such file or directory
compilation terminated.
configure:12405: $? = 1
configure: failed program was:
| /* confdefs.h */
| #define PACKAGE_NAME ""
| #define PACKAGE_TARNAME ""
| #define PACKAGE_VERSION ""
| #define PACKAGE_STRING ""
| #define PACKAGE_BUGREPORT ""
| #define PACKAGE_URL ""
| #define PACKAGE "gnuworld"
| #define VERSION "3.0"
| #define STDC_HEADERS 1
| #define HAVE_SYS_TYPES_H 1
| #define HAVE_SYS_STAT_H 1
| #define HAVE_STDLIB_H 1
| #define HAVE_STRING_H 1
| #define HAVE_MEMORY_H 1
| #define HAVE_STRINGS_H 1
| #define HAVE_INTTYPES_H 1
| #define HAVE_STDINT_H 1
| #define HAVE_UNISTD_H 1
| #define HAVE_DLFCN_H 1
| #define LT_OBJDIR ".libs/"
| /* end confdefs.h.  */
| #include <ac_nonexistent.h>
configure:12574: checking for ld used by g++
configure:12641: result: /usr/bin/ld -m elf_x86_64
configure:12648: checking if the linker (/usr/bin/ld -m elf_x86_64) is GNU ld
configure:12663: result: yes
configure:12718: checking whether the g++ linker (/usr/bin/ld -m elf_x86_64) supports shared libraries
configure:13720: result: yes
configure:13756: g++ -c -g -O2  conftest.cpp >&5
configure:13759: $? = 0
configure:14279: checking for g++ option to produce PIC
configure:14286: result: -fPIC -DPIC
configure:14294: checking if g++ PIC flag -fPIC -DPIC works
configure:14312: g++ -c -g -O2  -fPIC -DPIC -DPIC conftest.cpp >&5
configure:14316: $? = 0
configure:14329: result: yes
configure:14352: checking if g++ static flag -static works
configure:14380: result: yes
configure:14392: checking if g++ supports -c -o file.o
configure:14413: g++ -c -g -O2  -o out/conftest2.o conftest.cpp >&5
configure:14417: $? = 0
configure:14439: result: yes
configure:14444: checking if g++ supports -c -o file.o
configure:14491: result: yes
configure:14521: checking whether the g++ linker (/usr/bin/ld -m elf_x86_64) supports shared libraries
configure:14560: result: yes
configure:14701: checking dynamic linker characteristics
configure:15369: result: GNU/Linux ld.so
configure:15422: checking how to hardcode library paths into programs
configure:15447: result: immediate
configure:15520: checking whether to detect pthread libraries
configure:15531: result: yes
configure:15537: checking whether gcc accepts the -pthread option
configure:15548: result: yes
configure:15677: checking for socket in -lsocket
configure:15702: g++ -o conftest -W -Wall -pipe -I$(top_srcdir)/libltdl -I$(top_srcdir)/db   conftest.cpp -lsocket   >&5
/usr/bin/ld: cannot find -lsocket
collect2: error: ld returned 1 exit status
configure:15702: $? = 1
configure: failed program was:
| /* confdefs.h */
| #define PACKAGE_NAME ""
| #define PACKAGE_TARNAME ""
| #define PACKAGE_VERSION ""
| #define PACKAGE_STRING ""
| #define PACKAGE_BUGREPORT ""
| #define PACKAGE_URL ""
| #define PACKAGE "gnuworld"
| #define VERSION "3.0"
| #define STDC_HEADERS 1
| #define HAVE_SYS_TYPES_H 1
| #define HAVE_SYS_STAT_H 1
| #define HAVE_STDLIB_H 1
| #define HAVE_STRING_H 1
| #define HAVE_MEMORY_H 1
| #define HAVE_STRINGS_H 1
| #define HAVE_INTTYPES_H 1
| #define HAVE_STDINT_H 1
| #define HAVE_UNISTD_H 1
| #define HAVE_DLFCN_H 1
| #define LT_OBJDIR ".libs/"
| /* end confdefs.h.  */
| 
| /* Override any GCC internal prototype to avoid an error.
|    Use char because int might match the return type of a GCC
|    builtin and then its argument prototype would still apply.  */
| #ifdef __cplusplus
| extern "C"
| #endif
| char socket ();
| int
| main ()
| {
| return socket ();
|   ;
|   return 0;
| }
configure:15711: result: no
configure:15722: checking for gethostbyname in -lnsl
configure:15747: g++ -o conftest -W -Wall -pipe -I$(top_srcdir)/libltdl -I$(top_srcdir)/db   conftest.cpp -lnsl   >&5
configure:15747: $? = 0
configure:15756: result: yes
configure:15768: checking for pcre_compile in -lpcre
configure:15793: g++ -o conftest -W -Wall -pipe -I$(top_srcdir)/libltdl -I$(top_srcdir)/db   conftest.cpp -lpcre  -lnsl  >&5
/usr/bin/ld: cannot find -lpcre
collect2: error: ld returned 1 exit status
configure:15793: $? = 1
configure: failed program was:
| /* confdefs.h */
| #define PACKAGE_NAME ""
| #define PACKAGE_TARNAME ""
| #define PACKAGE_VERSION ""
| #define PACKAGE_STRING ""
| #define PACKAGE_BUGREPORT ""
| #define PACKAGE_URL ""
| #define PACKAGE "gnuworld"
| #define VERSION "3.0"
| #define STDC_HEADERS 1
| #define HAVE_SYS_TYPES_H 1
| #define HAVE_SYS_STAT_H 1
| #define HAVE_STDLIB_H 1
| #define HAVE_STRING_H 1
| #define HAVE_MEMORY_H 1
| #define HAVE_STRINGS_H 1
| #define HAVE_INTTYPES_H 1
| #define HAVE_STDINT_H 1
| #define HAVE_UNISTD_H 1
| #define HAVE_DLFCN_H 1
| #define LT_OBJDIR ".libs/"
| #define HAVE_LIBNSL 1
| /* end confdefs.h.  */
| 
| /* Override any GCC internal prototype to avoid an error.
|    Use char because int might match the return type of a GCC
|    builtin and then its argument prototype would still apply.  */
| #ifdef __cplusplus
| extern "C"
| #endif
| char pcre_compile ();
| int
| main ()
| {
| return pcre_compile ();
|   ;
|   return 0;
| }
configure:15802: result: no
configure:15830: checking sys/file.h usability
configure:15830: g++ -c -W -Wall -pipe -I$(top_srcdir)/libltdl -I$(top_srcdir)/db  conftest.cpp >&5
configure:15830: $? = 0
configure:15830: result: yes
configure:15830: checking sys/file.h presence
configure:15830: g++ -E  conftest.cpp
configure:15830: $? = 0
configure:15830: result: yes
configure:15830: checking for sys/file.h
configure:15830: result: yes
configure:15830: checking for unistd.h
configure:15830: result: yes
configure:15830: checking for sys/stat.h
configure:15830: result: yes
configure:15830: checking sys/ioctl.h usability
configure:15830: g++ -c -W -Wall -pipe -I$(top_srcdir)/libltdl -I$(top_srcdir)/db  conftest.cpp >&5
configure:15830: $? = 0
configure:15830: result: yes
configure:15830: checking sys/ioctl.h presence
configure:15830: g++ -E  conftest.cpp
configure:15830: $? = 0
configure:15830: result: yes
configure:15830: checking for sys/ioctl.h
configure:15830: result: yes
configure:15830: checking sys/resource.h usability
configure:15830: g++ -c -W -Wall -pipe -I$(top_srcdir)/libltdl -I$(top_srcdir)/db  conftest.cpp >&5
configure:15830: $? = 0
configure:15830: result: yes
configure:15830: checking sys/resource.h presence
configure:15830: g++ -E  conftest.cpp
configure:15830: $? = 0
configure:15830: result: yes
configure:15830: checking for sys/resource.h
configure:15830: result: yes
configure:15843: checking sys/time.h usability
configure:15843: g++ -c -W -Wall -pipe -I$(top_srcdir)/libltdl -I$(top_srcdir)/db  conftest.cpp >&5
configure:15843: $? = 0
configure:15843: result: yes
configure:15843: checking sys/time.h presence
configure:15843: g++ -E  conftest.cpp
configure:15843: $? = 0
configure:15843: result: yes
configure:15843: checking for sys/time.h
configure:15843: result: yes
configure:15843: checking asm/ioctls.h usability
configure:15843: g++ -c -W -Wall -pipe -I$(top_srcdir)/libltdl -I$(top_srcdir)/db  conftest.cpp >&5
configure:15843: $? = 0
configure:15843: result: yes
configure:15843: checking asm/ioctls.h presence
configure:15843: g++ -E  conftest.cpp
configure:15843: $? = 0
configure:15843: result: yes
configure:15843: checking for asm/ioctls.h
configure:15843: result: yes
configure:15843: checking xti_inet.h usability
configure:15843: g++ -c -W -Wall -pipe -I$(top_srcdir)/libltdl -I$(top_srcdir)/db  conftest.cpp >&5
conftest.cpp:64:22: fatal error: xti_inet.h: No such file or directory
compilation terminated.
configure:15843: $? = 1
configure: failed program was:
| /* confdefs.h */
| #define PACKAGE_NAME ""
| #define PACKAGE_TARNAME ""
| #define PACKAGE_VERSION ""
| #define PACKAGE_STRING ""
| #define PACKAGE_BUGREPORT ""
| #define PACKAGE_URL ""
| #define PACKAGE "gnuworld"
| #define VERSION "3.0"
| #define STDC_HEADERS 1
| #define HAVE_SYS_TYPES_H 1
| #define HAVE_SYS_STAT_H 1
| #define HAVE_STDLIB_H 1
| #define HAVE_STRING_H 1
| #define HAVE_MEMORY_H 1
| #define HAVE_STRINGS_H 1
| #define HAVE_INTTYPES_H 1
| #define HAVE_STDINT_H 1
| #define HAVE_UNISTD_H 1
| #define HAVE_DLFCN_H 1
| #define LT_OBJDIR ".libs/"
| #define HAVE_LIBNSL 1
| #define HAVE_SYS_FILE_H 1
| #define HAVE_UNISTD_H 1
| #define HAVE_SYS_STAT_H 1
| #define HAVE_SYS_IOCTL_H 1
| #define HAVE_SYS_RESOURCE_H 1
| #define HAVE_SYS_TIME_H 1
| #define HAVE_ASM_IOCTLS_H 1
| /* end confdefs.h.  */
| #include <stdio.h>
| #ifdef HAVE_SYS_TYPES_H
| # include <sys/types.h>
| #endif
| #ifdef HAVE_SYS_STAT_H
| # include <sys/stat.h>
| #endif
| #ifdef STDC_HEADERS
| # include <stdlib.h>
| # include <stddef.h>
| #else
| # ifdef HAVE_STDLIB_H
| #  include <stdlib.h>
| # endif
| #endif
| #ifdef HAVE_STRING_H
| # if !defined STDC_HEADERS && defined HAVE_MEMORY_H
| #  include <memory.h>
| # endif
| # include <string.h>
| #endif
| #ifdef HAVE_STRINGS_H
| # include <strings.h>
| #endif
| #ifdef HAVE_INTTYPES_H
| # include <inttypes.h>
| #endif
| #ifdef HAVE_STDINT_H
| # include <stdint.h>
| #endif
| #ifdef HAVE_UNISTD_H
| # include <unistd.h>
| #endif
| #include <xti_inet.h>
configure:15843: result: no
configure:15843: checking xti_inet.h presence
configure:15843: g++ -E  conftest.cpp
conftest.cpp:31:22: fatal error: xti_inet.h: No such file or directory
compilation terminated.
configure:15843: $? = 1
configure: failed program was:
| /* confdefs.h */
| #define PACKAGE_NAME ""
| #define PACKAGE_TARNAME ""
| #define PACKAGE_VERSION ""
| #define PACKAGE_STRING ""
| #define PACKAGE_BUGREPORT ""
| #define PACKAGE_URL ""
| #define PACKAGE "gnuworld"
| #define VERSION "3.0"
| #define STDC_HEADERS 1
| #define HAVE_SYS_TYPES_H 1
| #define HAVE_SYS_STAT_H 1
| #define HAVE_STDLIB_H 1
| #define HAVE_STRING_H 1
| #define HAVE_MEMORY_H 1
| #define HAVE_STRINGS_H 1
| #define HAVE_INTTYPES_H 1
| #define HAVE_STDINT_H 1
| #define HAVE_UNISTD_H 1
| #define HAVE_DLFCN_H 1
| #define LT_OBJDIR ".libs/"
| #define HAVE_LIBNSL 1
| #define HAVE_SYS_FILE_H 1
| #define HAVE_UNISTD_H 1
| #define HAVE_SYS_STAT_H 1
| #define HAVE_SYS_IOCTL_H 1
| #define HAVE_SYS_RESOURCE_H 1
| #define HAVE_SYS_TIME_H 1
| #define HAVE_ASM_IOCTLS_H 1
| /* end confdefs.h.  */
| #include <xti_inet.h>
configure:15843: result: no
configure:15843: checking for xti_inet.h
configure:15843: result: no
configure:15843: checking sys/filio.h usability
configure:15843: g++ -c -W -Wall -pipe -I$(top_srcdir)/libltdl -I$(top_srcdir)/db  conftest.cpp >&5
conftest.cpp:64:23: fatal error: sys/filio.h: No such file or directory
compilation terminated.
configure:15843: $? = 1
configure: failed program was:
| /* confdefs.h */
| #define PACKAGE_NAME ""
| #define PACKAGE_TARNAME ""
| #define PACKAGE_VERSION ""
| #define PACKAGE_STRING ""
| #define PACKAGE_BUGREPORT ""
| #define PACKAGE_URL ""
| #define PACKAGE "gnuworld"
| #define VERSION "3.0"
| #define STDC_HEADERS 1
| #define HAVE_SYS_TYPES_H 1
| #define HAVE_SYS_STAT_H 1
| #define HAVE_STDLIB_H 1
| #define HAVE_STRING_H 1
| #define HAVE_MEMORY_H 1
| #define HAVE_STRINGS_H 1
| #define HAVE_INTTYPES_H 1
| #define HAVE_STDINT_H 1
| #define HAVE_UNISTD_H 1
| #define HAVE_DLFCN_H 1
| #define LT_OBJDIR ".libs/"
| #define HAVE_LIBNSL 1
| #define HAVE_SYS_FILE_H 1
| #define HAVE_UNISTD_H 1
| #define HAVE_SYS_STAT_H 1
| #define HAVE_SYS_IOCTL_H 1
| #define HAVE_SYS_RESOURCE_H 1
| #define HAVE_SYS_TIME_H 1
| #define HAVE_ASM_IOCTLS_H 1
| /* end confdefs.h.  */
| #include <stdio.h>
| #ifdef HAVE_SYS_TYPES_H
| # include <sys/types.h>
| #endif
| #ifdef HAVE_SYS_STAT_H
| # include <sys/stat.h>
| #endif
| #ifdef STDC_HEADERS
| # include <stdlib.h>
| # include <stddef.h>
| #else
| # ifdef HAVE_STDLIB_H
| #  include <stdlib.h>
| # endif
| #endif
| #ifdef HAVE_STRING_H
| # if !defined STDC_HEADERS && defined HAVE_MEMORY_H
| #  include <memory.h>
| # endif
| # include <string.h>
| #endif
| #ifdef HAVE_STRINGS_H
| # include <strings.h>
| #endif
| #ifdef HAVE_INTTYPES_H
| # include <inttypes.h>
| #endif
| #ifdef HAVE_STDINT_H
| # include <stdint.h>
| #endif
| #ifdef HAVE_UNISTD_H
| # include <unistd.h>
| #endif
| #include <sys/filio.h>
configure:15843: result: no
configure:15843: checking sys/filio.h presence
configure:15843: g++ -E  conftest.cpp
conftest.cpp:31:23: fatal error: sys/filio.h: No such file or directory
compilation terminated.
configure:15843: $? = 1
configure: failed program was:
| /* confdefs.h */
| #define PACKAGE_NAME ""
| #define PACKAGE_TARNAME ""
| #define PACKAGE_VERSION ""
| #define PACKAGE_STRING ""
| #define PACKAGE_BUGREPORT ""
| #define PACKAGE_URL ""
| #define PACKAGE "gnuworld"
| #define VERSION "3.0"
| #define STDC_HEADERS 1
| #define HAVE_SYS_TYPES_H 1
| #define HAVE_SYS_STAT_H 1
| #define HAVE_STDLIB_H 1
| #define HAVE_STRING_H 1
| #define HAVE_MEMORY_H 1
| #define HAVE_STRINGS_H 1
| #define HAVE_INTTYPES_H 1
| #define HAVE_STDINT_H 1
| #define HAVE_UNISTD_H 1
| #define HAVE_DLFCN_H 1
| #define LT_OBJDIR ".libs/"
| #define HAVE_LIBNSL 1
| #define HAVE_SYS_FILE_H 1
| #define HAVE_UNISTD_H 1
| #define HAVE_SYS_STAT_H 1
| #define HAVE_SYS_IOCTL_H 1
| #define HAVE_SYS_RESOURCE_H 1
| #define HAVE_SYS_TIME_H 1
| #define HAVE_ASM_IOCTLS_H 1
| /* end confdefs.h.  */
| #include <sys/filio.h>
configure:15843: result: no
configure:15843: checking for sys/filio.h
configure:15843: result: no
configure:15843: checking getopt.h usability
configure:15843: g++ -c -W -Wall -pipe -I$(top_srcdir)/libltdl -I$(top_srcdir)/db  conftest.cpp >&5
configure:15843: $? = 0
configure:15843: result: yes
configure:15843: checking getopt.h presence
configure:15843: g++ -E  conftest.cpp
configure:15843: $? = 0
configure:15843: result: yes
configure:15843: checking for getopt.h
configure:15843: result: yes
configure:15856: checking for sys/types.h
configure:15856: result: yes
configure:15856: checking sys/socket.h usability
configure:15856: g++ -c -W -Wall -pipe -I$(top_srcdir)/libltdl -I$(top_srcdir)/db  conftest.cpp >&5
configure:15856: $? = 0
configure:15856: result: yes
configure:15856: checking sys/socket.h presence
configure:15856: g++ -E  conftest.cpp
configure:15856: $? = 0
configure:15856: result: yes
configure:15856: checking for sys/socket.h
configure:15856: result: yes
configure:15856: checking netinet/in.h usability
configure:15856: g++ -c -W -Wall -pipe -I$(top_srcdir)/libltdl -I$(top_srcdir)/db  conftest.cpp >&5
configure:15856: $? = 0
configure:15856: result: yes
configure:15856: checking netinet/in.h presence
configure:15856: g++ -E  conftest.cpp
configure:15856: $? = 0
configure:15856: result: yes
configure:15856: checking for netinet/in.h
configure:15856: result: yes
configure:15856: checking sys/un.h usability
configure:15856: g++ -c -W -Wall -pipe -I$(top_srcdir)/libltdl -I$(top_srcdir)/db  conftest.cpp >&5
configure:15856: $? = 0
configure:15856: result: yes
configure:15856: checking sys/un.h presence
configure:15856: g++ -E  conftest.cpp
configure:15856: $? = 0
configure:15856: result: yes
configure:15856: checking for sys/un.h
configure:15856: result: yes
configure:15856: checking pthread.h usability
configure:15856: g++ -c -W -Wall -pipe -I$(top_srcdir)/libltdl -I$(top_srcdir)/db  conftest.cpp >&5
configure:15856: $? = 0
configure:15856: result: yes
configure:15856: checking pthread.h presence
configure:15856: g++ -E  conftest.cpp
configure:15856: $? = 0
configure:15856: result: yes
configure:15856: checking for pthread.h
configure:15856: result: yes
configure:15867: checking for ANSI C header files
configure:15971: result: yes
configure:15979: checking whether time.h and sys/time.h may both be included
configure:15999: g++ -c -W -Wall -pipe -I$(top_srcdir)/libltdl -I$(top_srcdir)/db  conftest.cpp >&5
configure:15999: $? = 0
configure:16006: result: yes
configure:16014: checking return type of signal handlers
configure:16032: g++ -c -W -Wall -pipe -I$(top_srcdir)/libltdl -I$(top_srcdir)/db  conftest.cpp >&5
conftest.cpp: In function 'int main()':
conftest.cpp:45:27: error: void value not ignored as it ought to be
configure:16032: $? = 1
configure: failed program was:
| /* confdefs.h */
| #define PACKAGE_NAME ""
| #define PACKAGE_TARNAME ""
| #define PACKAGE_VERSION ""
| #define PACKAGE_STRING ""
| #define PACKAGE_BUGREPORT ""
| #define PACKAGE_URL ""
| #define PACKAGE "gnuworld"
| #define VERSION "3.0"
| #define STDC_HEADERS 1
| #define HAVE_SYS_TYPES_H 1
| #define HAVE_SYS_STAT_H 1
| #define HAVE_STDLIB_H 1
| #define HAVE_STRING_H 1
| #define HAVE_MEMORY_H 1
| #define HAVE_STRINGS_H 1
| #define HAVE_INTTYPES_H 1
| #define HAVE_STDINT_H 1
| #define HAVE_UNISTD_H 1
| #define HAVE_DLFCN_H 1
| #define LT_OBJDIR ".libs/"
| #define HAVE_LIBNSL 1
| #define HAVE_SYS_FILE_H 1
| #define HAVE_UNISTD_H 1
| #define HAVE_SYS_STAT_H 1
| #define HAVE_SYS_IOCTL_H 1
| #define HAVE_SYS_RESOURCE_H 1
| #define HAVE_SYS_TIME_H 1
| #define HAVE_ASM_IOCTLS_H 1
| #define HAVE_GETOPT_H 1
| #define HAVE_SYS_TYPES_H 1
| #define HAVE_SYS_SOCKET_H 1
| #define HAVE_NETINET_IN_H 1
| #define HAVE_SYS_UN_H 1
| #define HAVE_PTHREAD_H 1
| #define STDC_HEADERS 1
| #define TIME_WITH_SYS_TIME 1
| /* end confdefs.h.  */
| #include <sys/types.h>
| #include <signal.h>
| 
| int
| main ()
| {
| return *(signal (0, 0)) (0) == 1;
|   ;
|   return 0;
| }
configure:16039: result: void
configure:16047: checking for mode_t
configure:16047: g++ -c -W -Wall -pipe -I$(top_srcdir)/libltdl -I$(top_srcdir)/db  conftest.cpp >&5
configure:16047: $? = 0
configure:16047: g++ -c -W -Wall -pipe -I$(top_srcdir)/libltdl -I$(top_srcdir)/db  conftest.cpp >&5
conftest.cpp: In function 'int main()':
conftest.cpp:76:20: error: expected primary-expression before ')' token
configure:16047: $? = 1
configure: failed program was:
| /* confdefs.h */
| #define PACKAGE_NAME ""
| #define PACKAGE_TARNAME ""
| #define PACKAGE_VERSION ""
| #define PACKAGE_STRING ""
| #define PACKAGE_BUGREPORT ""
| #define PACKAGE_URL ""
| #define PACKAGE "gnuworld"
| #define VERSION "3.0"
| #define STDC_HEADERS 1
| #define HAVE_SYS_TYPES_H 1
| #define HAVE_SYS_STAT_H 1
| #define HAVE_STDLIB_H 1
| #define HAVE_STRING_H 1
| #define HAVE_MEMORY_H 1
| #define HAVE_STRINGS_H 1
| #define HAVE_INTTYPES_H 1
| #define HAVE_STDINT_H 1
| #define HAVE_UNISTD_H 1
| #define HAVE_DLFCN_H 1
| #define LT_OBJDIR ".libs/"
| #define HAVE_LIBNSL 1
| #define HAVE_SYS_FILE_H 1
| #define HAVE_UNISTD_H 1
| #define HAVE_SYS_STAT_H 1
| #define HAVE_SYS_IOCTL_H 1
| #define HAVE_SYS_RESOURCE_H 1
| #define HAVE_SYS_TIME_H 1
| #define HAVE_ASM_IOCTLS_H 1
| #define HAVE_GETOPT_H 1
| #define HAVE_SYS_TYPES_H 1
| #define HAVE_SYS_SOCKET_H 1
| #define HAVE_NETINET_IN_H 1
| #define HAVE_SYS_UN_H 1
| #define HAVE_PTHREAD_H 1
| #define STDC_HEADERS 1
| #define TIME_WITH_SYS_TIME 1
| #define RETSIGTYPE void
| /* end confdefs.h.  */
| #include <stdio.h>
| #ifdef HAVE_SYS_TYPES_H
| # include <sys/types.h>
| #endif
| #ifdef HAVE_SYS_STAT_H
| # include <sys/stat.h>
| #endif
| #ifdef STDC_HEADERS
| # include <stdlib.h>
| # include <stddef.h>
| #else
| # ifdef HAVE_STDLIB_H
| #  include <stdlib.h>
| # endif
| #endif
| #ifdef HAVE_STRING_H
| # if !defined STDC_HEADERS && defined HAVE_MEMORY_H
| #  include <memory.h>
| # endif
| # include <string.h>
| #endif
| #ifdef HAVE_STRINGS_H
| # include <strings.h>
| #endif
| #ifdef HAVE_INTTYPES_H
| # include <inttypes.h>
| #endif
| #ifdef HAVE_STDINT_H
| # include <stdint.h>
| #endif
| #ifdef HAVE_UNISTD_H
| # include <unistd.h>
| #endif
| int
| main ()
| {
| if (sizeof ((mode_t)))
| 	    return 0;
|   ;
|   return 0;
| }
configure:16047: result: yes
configure:16058: checking for pid_t
configure:16058: g++ -c -W -Wall -pipe -I$(top_srcdir)/libltdl -I$(top_srcdir)/db  conftest.cpp >&5
configure:16058: $? = 0
configure:16058: g++ -c -W -Wall -pipe -I$(top_srcdir)/libltdl -I$(top_srcdir)/db  conftest.cpp >&5
conftest.cpp: In function 'int main()':
conftest.cpp:76:19: error: expected primary-expression before ')' token
configure:16058: $? = 1
configure: failed program was:
| /* confdefs.h */
| #define PACKAGE_NAME ""
| #define PACKAGE_TARNAME ""
| #define PACKAGE_VERSION ""
| #define PACKAGE_STRING ""
| #define PACKAGE_BUGREPORT ""
| #define PACKAGE_URL ""
| #define PACKAGE "gnuworld"
| #define VERSION "3.0"
| #define STDC_HEADERS 1
| #define HAVE_SYS_TYPES_H 1
| #define HAVE_SYS_STAT_H 1
| #define HAVE_STDLIB_H 1
| #define HAVE_STRING_H 1
| #define HAVE_MEMORY_H 1
| #define HAVE_STRINGS_H 1
| #define HAVE_INTTYPES_H 1
| #define HAVE_STDINT_H 1
| #define HAVE_UNISTD_H 1
| #define HAVE_DLFCN_H 1
| #define LT_OBJDIR ".libs/"
| #define HAVE_LIBNSL 1
| #define HAVE_SYS_FILE_H 1
| #define HAVE_UNISTD_H 1
| #define HAVE_SYS_STAT_H 1
| #define HAVE_SYS_IOCTL_H 1
| #define HAVE_SYS_RESOURCE_H 1
| #define HAVE_SYS_TIME_H 1
| #define HAVE_ASM_IOCTLS_H 1
| #define HAVE_GETOPT_H 1
| #define HAVE_SYS_TYPES_H 1
| #define HAVE_SYS_SOCKET_H 1
| #define HAVE_NETINET_IN_H 1
| #define HAVE_SYS_UN_H 1
| #define HAVE_PTHREAD_H 1
| #define STDC_HEADERS 1
| #define TIME_WITH_SYS_TIME 1
| #define RETSIGTYPE void
| /* end confdefs.h.  */
| #include <stdio.h>
| #ifdef HAVE_SYS_TYPES_H
| # include <sys/types.h>
| #endif
| #ifdef HAVE_SYS_STAT_H
| # include <sys/stat.h>
| #endif
| #ifdef STDC_HEADERS
| # include <stdlib.h>
| # include <stddef.h>
| #else
| # ifdef HAVE_STDLIB_H
| #  include <stdlib.h>
| # endif
| #endif
| #ifdef HAVE_STRING_H
| # if !defined STDC_HEADERS && defined HAVE_MEMORY_H
| #  include <memory.h>
| # endif
| # include <string.h>
| #endif
| #ifdef HAVE_STRINGS_H
| # include <strings.h>
| #endif
| #ifdef HAVE_INTTYPES_H
| # include <inttypes.h>
| #endif
| #ifdef HAVE_STDINT_H
| # include <stdint.h>
| #endif
| #ifdef HAVE_UNISTD_H
| # include <unistd.h>
| #endif
| int
| main ()
| {
| if (sizeof ((pid_t)))
| 	    return 0;
|   ;
|   return 0;
| }
configure:16058: result: yes
configure:16069: checking for size_t
configure:16069: g++ -c -W -Wall -pipe -I$(top_srcdir)/libltdl -I$(top_srcdir)/db  conftest.cpp >&5
configure:16069: $? = 0
configure:16069: g++ -c -W -Wall -pipe -I$(top_srcdir)/libltdl -I$(top_srcdir)/db  conftest.cpp >&5
conftest.cpp: In function 'int main()':
conftest.cpp:76:20: error: expected primary-expression before ')' token
configure:16069: $? = 1
configure: failed program was:
| /* confdefs.h */
| #define PACKAGE_NAME ""
| #define PACKAGE_TARNAME ""
| #define PACKAGE_VERSION ""
| #define PACKAGE_STRING ""
| #define PACKAGE_BUGREPORT ""
| #define PACKAGE_URL ""
| #define PACKAGE "gnuworld"
| #define VERSION "3.0"
| #define STDC_HEADERS 1
| #define HAVE_SYS_TYPES_H 1
| #define HAVE_SYS_STAT_H 1
| #define HAVE_STDLIB_H 1
| #define HAVE_STRING_H 1
| #define HAVE_MEMORY_H 1
| #define HAVE_STRINGS_H 1
| #define HAVE_INTTYPES_H 1
| #define HAVE_STDINT_H 1
| #define HAVE_UNISTD_H 1
| #define HAVE_DLFCN_H 1
| #define LT_OBJDIR ".libs/"
| #define HAVE_LIBNSL 1
| #define HAVE_SYS_FILE_H 1
| #define HAVE_UNISTD_H 1
| #define HAVE_SYS_STAT_H 1
| #define HAVE_SYS_IOCTL_H 1
| #define HAVE_SYS_RESOURCE_H 1
| #define HAVE_SYS_TIME_H 1
| #define HAVE_ASM_IOCTLS_H 1
| #define HAVE_GETOPT_H 1
| #define HAVE_SYS_TYPES_H 1
| #define HAVE_SYS_SOCKET_H 1
| #define HAVE_NETINET_IN_H 1
| #define HAVE_SYS_UN_H 1
| #define HAVE_PTHREAD_H 1
| #define STDC_HEADERS 1
| #define TIME_WITH_SYS_TIME 1
| #define RETSIGTYPE void
| /* end confdefs.h.  */
| #include <stdio.h>
| #ifdef HAVE_SYS_TYPES_H
| # include <sys/types.h>
| #endif
| #ifdef HAVE_SYS_STAT_H
| # include <sys/stat.h>
| #endif
| #ifdef STDC_HEADERS
| # include <stdlib.h>
| # include <stddef.h>
| #else
| # ifdef HAVE_STDLIB_H
| #  include <stdlib.h>
| # endif
| #endif
| #ifdef HAVE_STRING_H
| # if !defined STDC_HEADERS && defined HAVE_MEMORY_H
| #  include <memory.h>
| # endif
| # include <string.h>
| #endif
| #ifdef HAVE_STRINGS_H
| # include <strings.h>
| #endif
| #ifdef HAVE_INTTYPES_H
| # include <inttypes.h>
| #endif
| #ifdef HAVE_STDINT_H
| # include <stdint.h>
| #endif
| #ifdef HAVE_UNISTD_H
| # include <unistd.h>
| #endif
| int
| main ()
| {
| if (sizeof ((size_t)))
| 	    return 0;
|   ;
|   return 0;
| }
configure:16069: result: yes
configure:16080: checking for uid_t in sys/types.h
configure:16099: result: yes
In file included from conftest.cpp:41:0:
/usr/include/x86_64-linux-gnu/bits/socket.h:25:3: error: #error "Never include <bits/socket.h> directly; use <sys/socket.h> instead."
configure:16142: checking for socklen_t
configure:16144: result: yes
configure:16240: checking for PQconnectdb in -lpq
configure:16265: g++ -o conftest -W -Wall -pipe -I$(top_srcdir)/libltdl -I$(top_srcdir)/db -g -O0 -I/usr/local/pgsql//include  -I/usr/local/pgsql//include  conftest.cpp -lpq  -lnsl  -L/usr/local/pgsql//lib >&5
conftest.cpp:40:0: warning: "HAVE_SOCKLEN_T" redefined [enabled by default]
conftest.cpp:39:0: note: this is the location of the previous definition
configure:16265: $? = 0
configure:16274: result: yes
configure:16285: checking libpq-fe.h usability
configure:16285: g++ -c -W -Wall -pipe -I$(top_srcdir)/libltdl -I$(top_srcdir)/db -g -O0 -I/usr/local/pgsql//include  -I/usr/local/pgsql//include conftest.cpp >&5
conftest.cpp:40:0: warning: "HAVE_SOCKLEN_T" redefined [enabled by default]
conftest.cpp:39:0: note: this is the location of the previous definition
configure:16285: $? = 0
configure:16285: result: yes
configure:16285: checking libpq-fe.h presence
configure:16285: g++ -E  -I/usr/local/pgsql//include conftest.cpp
conftest.cpp:40:0: warning: "HAVE_SOCKLEN_T" redefined [enabled by default]
conftest.cpp:39:0: note: this is the location of the previous definition
configure:16285: $? = 0
configure:16285: result: yes
configure:16285: checking for libpq-fe.h
configure:16285: result: yes
configure:16479: checking whether the compiler implements namespaces
configure:16502: g++ -c -W -Wall -pipe -I$(top_srcdir)/libltdl -I$(top_srcdir)/db -g -O0 -I/usr/local/pgsql//include -I/usr/include/postgresql/ -pthread  -I/usr/local/pgsql//include conftest.cpp >&5
conftest.cpp:40:0: warning: "HAVE_SOCKLEN_T" redefined [enabled by default]
conftest.cpp:39:0: note: this is the location of the previous definition
configure:16502: $? = 0
configure:16516: result: yes
configure:16524: checking whether the Boost::Thread library is available
configure:16549: g++ -c -pthread -W -Wall -pipe -I$(top_srcdir)/libltdl -I$(top_srcdir)/db -g -O0 -I/usr/local/pgsql//include -I/usr/include/postgresql/ -pthread  -I/usr/local/pgsql//include conftest.cpp >&5
conftest.cpp:40:0: warning: "HAVE_SOCKLEN_T" redefined [enabled by default]
conftest.cpp:39:0: note: this is the location of the previous definition
conftest.cpp:45:35: fatal error: boost/thread/thread.hpp: No such file or directory
compilation terminated.
configure:16549: $? = 1
configure: failed program was:
| /* confdefs.h */
| #define PACKAGE_NAME ""
| #define PACKAGE_TARNAME ""
| #define PACKAGE_VERSION ""
| #define PACKAGE_STRING ""
| #define PACKAGE_BUGREPORT ""
| #define PACKAGE_URL ""
| #define PACKAGE "gnuworld"
| #define VERSION "3.0"
| #define STDC_HEADERS 1
| #define HAVE_SYS_TYPES_H 1
| #define HAVE_SYS_STAT_H 1
| #define HAVE_STDLIB_H 1
| #define HAVE_STRING_H 1
| #define HAVE_MEMORY_H 1
| #define HAVE_STRINGS_H 1
| #define HAVE_INTTYPES_H 1
| #define HAVE_STDINT_H 1
| #define HAVE_UNISTD_H 1
| #define HAVE_DLFCN_H 1
| #define LT_OBJDIR ".libs/"
| #define HAVE_LIBNSL 1
| #define HAVE_SYS_FILE_H 1
| #define HAVE_UNISTD_H 1
| #define HAVE_SYS_STAT_H 1
| #define HAVE_SYS_IOCTL_H 1
| #define HAVE_SYS_RESOURCE_H 1
| #define HAVE_SYS_TIME_H 1
| #define HAVE_ASM_IOCTLS_H 1
| #define HAVE_GETOPT_H 1
| #define HAVE_SYS_TYPES_H 1
| #define HAVE_SYS_SOCKET_H 1
| #define HAVE_NETINET_IN_H 1
| #define HAVE_SYS_UN_H 1
| #define HAVE_PTHREAD_H 1
| #define STDC_HEADERS 1
| #define TIME_WITH_SYS_TIME 1
| #define RETSIGTYPE void
| #define HAVE_SOCKLEN_T 1
| #define HAVE_SOCKLEN_T /**/
| #define HAVE_LIBPQ 1
| #define HAVE_PGSQL /**/
| #define HAVE_NAMESPACES /**/
| /* end confdefs.h.  */
| #include <boost/thread/thread.hpp>
| int
| main ()
| {
| boost::thread_group thrds; return 0;
|   ;
|   return 0;
| }
configure:16564: result: no
configure:16670: checking whether g++ supports C++11 features by default
configure:16704: g++ -c -W -Wall -pipe -I$(top_srcdir)/libltdl -I$(top_srcdir)/db -g -O0 -I/usr/local/pgsql//include -I/usr/include/postgresql/ -pthread  -I/usr/local/pgsql//include conftest.cpp >&5
conftest.cpp:40:0: warning: "HAVE_SOCKLEN_T" redefined [enabled by default]
conftest.cpp:39:0: note: this is the location of the previous definition
conftest.cpp:49:7: warning: identifier 'static_assert' is a keyword in C++11 [-Wc++0x-compat]
conftest.cpp:62:5: warning: identifier 'decltype' is a keyword in C++11 [-Wc++0x-compat]
conftest.cpp:49:21: error: expected identifier before 'sizeof'
conftest.cpp:49:21: error: expected ',' or '...' before 'sizeof'
conftest.cpp:49:63: error: ISO C++ forbids declaration of 'static_assert' with no type [-fpermissive]
conftest.cpp:56:20: warning: override controls (override/final) only available with -std=c++11 or -std=gnu++11 [enabled by default]
conftest.cpp:59:29: error: '>>' should be '> >' within a nested template argument list
conftest.cpp:62:13: error: expected constructor, destructor, or type conversion before '(' token
conftest.cpp:66:15: error: expected unqualified-id before '&&' token
conftest.cpp:68:5: warning: 'auto' changes meaning in C++11; please remove it [-Wc++0x-compat]
conftest.cpp:68:10: error: 'd' does not name a type
conftest.cpp:69:5: warning: 'auto' changes meaning in C++11; please remove it [-Wc++0x-compat]
conftest.cpp:69:10: error: 'l' does not name a type
configure:16704: $? = 1
configure: failed program was:
| /* confdefs.h */
| #define PACKAGE_NAME ""
| #define PACKAGE_TARNAME ""
| #define PACKAGE_VERSION ""
| #define PACKAGE_STRING ""
| #define PACKAGE_BUGREPORT ""
| #define PACKAGE_URL ""
| #define PACKAGE "gnuworld"
| #define VERSION "3.0"
| #define STDC_HEADERS 1
| #define HAVE_SYS_TYPES_H 1
| #define HAVE_SYS_STAT_H 1
| #define HAVE_STDLIB_H 1
| #define HAVE_STRING_H 1
| #define HAVE_MEMORY_H 1
| #define HAVE_STRINGS_H 1
| #define HAVE_INTTYPES_H 1
| #define HAVE_STDINT_H 1
| #define HAVE_UNISTD_H 1
| #define HAVE_DLFCN_H 1
| #define LT_OBJDIR ".libs/"
| #define HAVE_LIBNSL 1
| #define HAVE_SYS_FILE_H 1
| #define HAVE_UNISTD_H 1
| #define HAVE_SYS_STAT_H 1
| #define HAVE_SYS_IOCTL_H 1
| #define HAVE_SYS_RESOURCE_H 1
| #define HAVE_SYS_TIME_H 1
| #define HAVE_ASM_IOCTLS_H 1
| #define HAVE_GETOPT_H 1
| #define HAVE_SYS_TYPES_H 1
| #define HAVE_SYS_SOCKET_H 1
| #define HAVE_NETINET_IN_H 1
| #define HAVE_SYS_UN_H 1
| #define HAVE_PTHREAD_H 1
| #define STDC_HEADERS 1
| #define TIME_WITH_SYS_TIME 1
| #define RETSIGTYPE void
| #define HAVE_SOCKLEN_T 1
| #define HAVE_SOCKLEN_T /**/
| #define HAVE_LIBPQ 1
| #define HAVE_PGSQL /**/
| #define HAVE_NAMESPACES /**/
| /* end confdefs.h.  */
| 
|   template <typename T>
|     struct check
|     {
|       static_assert(sizeof(int) <= sizeof(T), "not big enough");
|     };
| 
|     struct Base {
|     virtual void f() {}
|     };
|     struct Child : public Base {
|     virtual void f() override {}
|     };
| 
|     typedef check<check<bool>> right_angle_brackets;
| 
|     int a;
|     decltype(a) b;
| 
|     typedef check<int> check_type;
|     check_type c;
|     check_type&& cr = static_cast<check_type&&>(c);
| 
|     auto d = a;
|     auto l = [](){};
| 
configure:16711: result: no
configure:16720: checking whether g++ supports C++11 features with -std=gnu++11
configure:16756: g++ -c -W -Wall -pipe -I$(top_srcdir)/libltdl -I$(top_srcdir)/db -g -O0 -I/usr/local/pgsql//include -I/usr/include/postgresql/ -pthread -std=gnu++11  -I/usr/local/pgsql//include conftest.cpp >&5
conftest.cpp:40:0: warning: "HAVE_SOCKLEN_T" redefined [enabled by default]
conftest.cpp:39:0: note: this is the location of the previous definition
configure:16756: $? = 0
configure:16765: result: yes
configure:17171: checking that generated files are newer than configure
configure:17177: result: done
configure:17268: creating ./config.status

## ---------------------- ##
## Running config.status. ##
## ---------------------- ##

This file was extended by config.status, which was
generated by GNU Autoconf 2.69.  Invocation command line was

  CONFIG_FILES    = 
  CONFIG_HEADERS  = 
  CONFIG_LINKS    = 
  CONFIG_COMMANDS = 
  $ ./config.status 

on scw-a94e42

config.status:1242: creating Makefile
config.status:1242: creating db/Makefile
config.status:1242: creating libgnuworld/Makefile
config.status:1242: creating libircu/Makefile
config.status:1242: creating src/Makefile
config.status:1242: creating test/Makefile
config.status:1242: creating mod.ccontrol/Makefile
config.status:1242: creating mod.chanfix/Makefile
config.status:1242: creating mod.clientExample/Makefile
config.status:1242: creating mod.cloner/Makefile
config.status:1242: creating mod.cservice/Makefile
config.status:1242: creating mod.dronescan/Makefile
config.status:1242: creating mod.gnutest/Makefile
config.status:1242: creating mod.nickserv/Makefile
config.status:1242: creating mod.openchanfix/Makefile
config.status:1242: creating mod.scanner/Makefile
config.status:1242: creating mod.stats/Makefile
config.status:1242: creating mod.snoop/Makefile
config.status:1242: creating bin/server_command_map
config.status:1242: creating bin/ccontrol.example.conf
config.status:1242: creating bin/chanfix.example.conf
config.status:1242: creating bin/clientExample.example.conf
config.status:1242: creating bin/cloner.example.conf
config.status:1242: creating bin/cservice.example.conf
config.status:1242: creating bin/gnutest.example.conf
config.status:1242: creating bin/GNUWorld.example.conf
config.status:1242: creating bin/nickserv.example.conf
config.status:1242: creating bin/openchanfix.example.conf
config.status:1242: creating bin/scanner.example.conf
config.status:1242: creating bin/stats.example.conf
config.status:1242: creating bin/snoop.example.conf
config.status:1242: creating bin/dronescan.example.conf
config.status:1242: creating bin/logging.properties
config.status:1242: creating tools/checkgnuworld.sh
config.status:1242: creating include/defs.h
config.status:1471: executing depfiles commands
config.status:1471: executing libtool commands
configure:19856: === configuring in libltdl (/home/gnuworld/ipv6/libltdl)
configure:19919: running /bin/bash ./configure --disable-option-checking '--prefix=/home/gnuworld/ipv6'  '--with-extra-includes=/usr/local/include' '--with-extra-includes=/usr/include/postgresql/' '--with-pgsql-home=/usr/local/pgsql/' '--enable-modules=cservice,ccontrol' '--enable-ltdl-convenience' --cache-file=/dev/null --srcdir=.

## ---------------- ##
## Cache variables. ##
## ---------------- ##

ac_cv_build=x86_64-unknown-linux-gnu
ac_cv_c_compiler_gnu=yes
ac_cv_cxx_compiler_gnu=yes
ac_cv_cxx_namespaces=yes
ac_cv_env_CCC_set=
ac_cv_env_CCC_value=
ac_cv_env_CC_set=
ac_cv_env_CC_value=
ac_cv_env_CFLAGS_set=
ac_cv_env_CFLAGS_value=
ac_cv_env_CPPFLAGS_set=
ac_cv_env_CPPFLAGS_value=
ac_cv_env_CPP_set=
ac_cv_env_CPP_value=
ac_cv_env_CXXCPP_set=
ac_cv_env_CXXCPP_value=
ac_cv_env_CXXFLAGS_set=
ac_cv_env_CXXFLAGS_value=
ac_cv_env_CXX_set=
ac_cv_env_CXX_value=
ac_cv_env_LDFLAGS_set=
ac_cv_env_LDFLAGS_value=
ac_cv_env_LIBS_set=
ac_cv_env_LIBS_value=
ac_cv_env_build_alias_set=
ac_cv_env_build_alias_value=
ac_cv_env_host_alias_set=
ac_cv_env_host_alias_value=
ac_cv_env_target_alias_set=
ac_cv_env_target_alias_value=
ac_cv_func_dlopen=no
ac_cv_func_shl_load=no
ac_cv_header_asm_ioctls_h=yes
ac_cv_header_dlfcn_h=yes
ac_cv_header_getopt_h=yes
ac_cv_header_inttypes_h=yes
ac_cv_header_libpq_fe_h=yes
ac_cv_header_memory_h=yes
ac_cv_header_netinet_in_h=yes
ac_cv_header_pthread_h=yes
ac_cv_header_stdc=yes
ac_cv_header_stdint_h=yes
ac_cv_header_stdlib_h=yes
ac_cv_header_string_h=yes
ac_cv_header_strings_h=yes
ac_cv_header_sys_file_h=yes
ac_cv_header_sys_filio_h=no
ac_cv_header_sys_ioctl_h=yes
ac_cv_header_sys_resource_h=yes
ac_cv_header_sys_socket_h=yes
ac_cv_header_sys_stat_h=yes
ac_cv_header_sys_time_h=yes
ac_cv_header_sys_types_h=yes
ac_cv_header_sys_un_h=yes
ac_cv_header_time=yes
ac_cv_header_unistd_h=yes
ac_cv_header_xti_inet_h=no
ac_cv_host=x86_64-unknown-linux-gnu
ac_cv_lib_dl_dlopen=yes
ac_cv_lib_dld_shl_load=no
ac_cv_lib_nsl_gethostbyname=yes
ac_cv_lib_pcre_pcre_compile=no
ac_cv_lib_pq_PQconnectdb=yes
ac_cv_lib_socket_socket=no
ac_cv_objext=o
ac_cv_path_EGREP='/bin/grep -E'
ac_cv_path_FGREP='/bin/grep -F'
ac_cv_path_GREP=/bin/grep
ac_cv_path_SED=/bin/sed
ac_cv_path_install='/usr/bin/install -c'
ac_cv_path_mkdir=/bin/mkdir
ac_cv_prog_AWK=mawk
ac_cv_prog_CPP='gcc -E'
ac_cv_prog_CXXCPP='g++ -E'
ac_cv_prog_ac_ct_AR=ar
ac_cv_prog_ac_ct_CC=gcc
ac_cv_prog_ac_ct_CXX=g++
ac_cv_prog_ac_ct_MANIFEST_TOOL=mt
ac_cv_prog_ac_ct_OBJDUMP=objdump
ac_cv_prog_ac_ct_RANLIB=ranlib
ac_cv_prog_ac_ct_STRIP=strip
ac_cv_prog_cc_c89=
ac_cv_prog_cc_g=yes
ac_cv_prog_cxx_g=yes
ac_cv_prog_make_make_set=yes
ac_cv_search_strerror='none required'
ac_cv_type_mode_t=yes
ac_cv_type_pid_t=yes
ac_cv_type_signal=void
ac_cv_type_size_t=yes
ac_cv_type_uid_t=yes
am_cv_CC_dependencies_compiler_type=gcc3
am_cv_CXX_dependencies_compiler_type=gcc3
am_cv_make_support_nested_variables=yes
am_cv_prog_cc_c_o=yes
ax_cv_boost_thread=no
ax_cv_cxx_compile_cxx11=no
ax_cv_cxx_compile_cxx11__std_gnupp11=yes
lt_cv_ar_at_file=@
lt_cv_archive_cmds_need_lc=no
lt_cv_deplibs_check_method=pass_all
lt_cv_dlopen=dlopen
lt_cv_dlopen_libs=-ldl
lt_cv_dlopen_self=yes
lt_cv_dlopen_self_static=no
lt_cv_file_magic_cmd='$MAGIC_CMD'
lt_cv_file_magic_test_file=
lt_cv_ld_reload_flag=-r
lt_cv_nm_interface='BSD nm'
lt_cv_objdir=.libs
lt_cv_path_LD=/usr/bin/ld
lt_cv_path_LDCXX='/usr/bin/ld -m elf_x86_64'
lt_cv_path_NM='/usr/bin/nm -B'
lt_cv_path_mainfest_tool=no
lt_cv_prog_compiler_c_o=yes
lt_cv_prog_compiler_c_o_CXX=yes
lt_cv_prog_compiler_pic='-fPIC -DPIC'
lt_cv_prog_compiler_pic_CXX='-fPIC -DPIC'
lt_cv_prog_compiler_pic_works=yes
lt_cv_prog_compiler_pic_works_CXX=yes
lt_cv_prog_compiler_rtti_exceptions=no
lt_cv_prog_compiler_static_works=yes
lt_cv_prog_compiler_static_works_CXX=yes
lt_cv_prog_gnu_ld=yes
lt_cv_prog_gnu_ldcxx=yes
lt_cv_sharedlib_from_linklib_cmd='printf %s\n'
lt_cv_shlibpath_overrides_runpath=no
lt_cv_sys_global_symbol_pipe='sed -n -e '\''s/^.*[	 ]\([ABCDGIRSTW][ABCDGIRSTW]*\)[	 ][	 ]*\([_A-Za-z][_A-Za-z0-9]*\)$/\1 \2 \2/p'\'' | sed '\''/ __gnu_lto/d'\'''
lt_cv_sys_global_symbol_to_c_name_address='sed -n -e '\''s/^: \([^ ]*\)[ ]*$/  {\"\1\", (void *) 0},/p'\'' -e '\''s/^[ABCDGIRSTW]* \([^ ]*\) \([^ ]*\)$/  {"\2", (void *) \&\2},/p'\'''
lt_cv_sys_global_symbol_to_c_name_address_lib_prefix='sed -n -e '\''s/^: \([^ ]*\)[ ]*$/  {\"\1\", (void *) 0},/p'\'' -e '\''s/^[ABCDGIRSTW]* \([^ ]*\) \(lib[^ ]*\)$/  {"\2", (void *) \&\2},/p'\'' -e '\''s/^[ABCDGIRSTW]* \([^ ]*\) \([^ ]*\)$/  {"lib\2", (void *) \&\2},/p'\'''
lt_cv_sys_global_symbol_to_cdecl='sed -n -e '\''s/^T .* \(.*\)$/extern int \1();/p'\'' -e '\''s/^[ABCDGIRSTW]* .* \(.*\)$/extern char \1;/p'\'''
lt_cv_sys_max_cmd_len=1572864
lt_cv_to_host_file_cmd=func_convert_file_noop
lt_cv_to_tool_file_cmd=func_convert_file_noop

## ----------------- ##
## Output variables. ##
## ----------------- ##

ACLOCAL='aclocal-1.14'
AMDEPBACKSLASH='\'
AMDEP_FALSE='#'
AMDEP_TRUE=''
AMTAR='$${TAR-tar}'
AM_BACKSLASH='\'
AM_DEFAULT_V='$(AM_DEFAULT_VERBOSITY)'
AM_DEFAULT_VERBOSITY='1'
AM_V='$(V)'
AR='ar'
AUTOCONF='autoconf'
AUTOHEADER='autoheader'
AUTOMAKE='automake-1.14'
AWK='mawk'
BOOST_THREAD_LIB=''
CC='gcc'
CCDEPMODE='depmode=gcc3'
CFLAGS='-g -O2'
COND_MODCCONTROL_FALSE='#'
COND_MODCCONTROL_TRUE=''
COND_MODCHANFIX_FALSE=''
COND_MODCHANFIX_TRUE='#'
COND_MODCLIENTEXAMPLE_FALSE=''
COND_MODCLIENTEXAMPLE_TRUE='#'
COND_MODCLONER_FALSE=''
COND_MODCLONER_TRUE='#'
COND_MODCSERVICE_FALSE='#'
COND_MODCSERVICE_TRUE=''
COND_MODDRONESCAN_FALSE=''
COND_MODDRONESCAN_TRUE='#'
COND_MODGNUTEST_FALSE=''
COND_MODGNUTEST_TRUE='#'
COND_MODNICKSERV_FALSE=''
COND_MODNICKSERV_TRUE='#'
COND_MODOPENCHANFIX_FALSE=''
COND_MODOPENCHANFIX_TRUE='#'
COND_MODSCANNER_FALSE=''
COND_MODSCANNER_TRUE='#'
COND_MODSNOOP_FALSE=''
COND_MODSNOOP_TRUE='#'
COND_MODSTATS_FALSE=''
COND_MODSTATS_TRUE='#'
COND_PCRE_FALSE=''
COND_PCRE_TRUE='#'
COND_TESTDIR_FALSE=''
COND_TESTDIR_TRUE='#'
CPP='gcc -E'
CPPFLAGS=' -I/usr/local/pgsql//include'
CXX='g++'
CXXCPP='g++ -E'
CXXDEPMODE='depmode=gcc3'
CXXFLAGS='-W -Wall -pipe -I$(top_srcdir)/libltdl -I$(top_srcdir)/db -g -O0 -I/usr/local/pgsql//include -I/usr/include/postgresql/ -pthread -std=gnu++11'
CYGPATH_W='echo'
DEFS='-DHAVE_CONFIG_H'
DEPDIR='.deps'
DLLTOOL='false'
DSYMUTIL=''
DUMPBIN=''
ECHO_C=''
ECHO_N='-n'
ECHO_T=''
EGREP='/bin/grep -E'
EXEEXT=''
FGREP='/bin/grep -F'
GREP='/bin/grep'
HAVE_CXX11=''
INCLTDL='-I${top_srcdir}/libltdl'
INSTALL_DATA='${INSTALL} -m 644'
INSTALL_PROGRAM='${INSTALL}'
INSTALL_SCRIPT='${INSTALL}'
INSTALL_STRIP_PROGRAM='$(install_sh) -c -s'
LD='/usr/bin/ld -m elf_x86_64'
LDFLAGS=''
LIBGNUWORLD='$(top_builddir)/libgnuworld/libgnuworld.la'
LIBLTDL='$(top_builddir)/libltdl/libltdlc.la'
LIBOBJS=''
LIBS='-lnsl '
LIBTOOL='$(SHELL) $(top_builddir)/libtool'
LIBTOOL_DEPS='./ltmain.sh'
LIPO=''
LN_S='ln -s'
LTDLDEPS='${top_build_prefix}libltdl/libltdlc.la'
LTDLINCL='-I${top_srcdir}/libltdl'
LTLIBOBJS=''
MAINT='#'
MAINTAINER_MODE_FALSE=''
MAINTAINER_MODE_TRUE='#'
MAKEINFO='makeinfo'
MANIFEST_TOOL=':'
MKDIR_P='/bin/mkdir -p'
NEW_MODS=''
NM='/usr/bin/nm -B'
NMEDIT=''
OBJDUMP='objdump'
OBJEXT='o'
OTOOL64=''
OTOOL=''
PACKAGE='gnuworld'
PACKAGE_BUGREPORT=''
PACKAGE_NAME=''
PACKAGE_STRING=''
PACKAGE_TARNAME=''
PACKAGE_URL=''
PACKAGE_VERSION=''
PATH_SEPARATOR=':'
RANLIB='ranlib'
SED='/bin/sed'
SET_MAKE=''
SHELL='/bin/bash'
STRIP='strip'
VERSION='3.0'
ac_ct_AR='ar'
ac_ct_CC='gcc'
ac_ct_CXX='g++'
ac_ct_DUMPBIN=''
am__EXEEXT_FALSE=''
am__EXEEXT_TRUE='#'
am__fastdepCC_FALSE='#'
am__fastdepCC_TRUE=''
am__fastdepCXX_FALSE='#'
am__fastdepCXX_TRUE=''
am__include='include'
am__isrc=''
am__leading_dot='.'
am__nodep='_no'
am__quote=''
am__tar='$${TAR-tar} chof - "$$tardir"'
am__untar='$${TAR-tar} xf -'
bindir='${exec_prefix}/bin'
build='x86_64-unknown-linux-gnu'
build_alias=''
build_cpu='x86_64'
build_os='linux-gnu'
build_vendor='unknown'
datadir='${datarootdir}'
datarootdir='${prefix}/share'
docdir='${datarootdir}/doc/${PACKAGE}'
dvidir='${docdir}'
exec_prefix='${prefix}'
host='x86_64-unknown-linux-gnu'
host_alias=''
host_cpu='x86_64'
host_os='linux-gnu'
host_vendor='unknown'
htmldir='${docdir}'
includedir='${prefix}/include'
infodir='${datarootdir}/info'
install_sh='${SHELL} /home/gnuworld/ipv6/install-sh'
libdir='${exec_prefix}/lib'
libexecdir='${exec_prefix}/libexec'
localedir='${datarootdir}/locale'
localstatedir='${prefix}/var'
mandir='${datarootdir}/man'
mkdir_p='$(MKDIR_P)'
oldincludedir='/usr/include'
pdfdir='${docdir}'
pgsql_includedir='/usr/local/pgsql//include'
pgsql_libdir='/usr/local/pgsql//lib'
prefix='/home/gnuworld/ipv6'
program_transform_name='s,x,x,'
psdir='${docdir}'
sbindir='${exec_prefix}/sbin'
sharedstatedir='${prefix}/com'
subdirs=' libltdl'
sysconfdir='${prefix}/etc'
target_alias=''
threadLib='-pthread'

## ----------- ##
## confdefs.h. ##
## ----------- ##

/* confdefs.h */
#define PACKAGE_NAME ""
#define PACKAGE_TARNAME ""
#define PACKAGE_VERSION ""
#define PACKAGE_STRING ""
#define PACKAGE_BUGREPORT ""
#define PACKAGE_URL ""
#define PACKAGE "gnuworld"
#define VERSION "3.0"
#define STDC_HEADERS 1
#define HAVE_SYS_TYPES_H 1
#define HAVE_SYS_STAT_H 1
#define HAVE_STDLIB_H 1
#define HAVE_STRING_H 1
#define HAVE_MEMORY_H 1
#define HAVE_STRINGS_H 1
#define HAVE_INTTYPES_H 1
#define HAVE_STDINT_H 1
#define HAVE_UNISTD_H 1
#define HAVE_DLFCN_H 1
#define LT_OBJDIR ".libs/"
#define HAVE_LIBNSL 1
#define HAVE_SYS_FILE_H 1
#define HAVE_UNISTD_H 1
#define HAVE_SYS_STAT_H 1
#define HAVE_SYS_IOCTL_H 1
#define HAVE_SYS_RESOURCE_H 1
#define HAVE_SYS_TIME_H 1
#define HAVE_ASM_IOCTLS_H 1
#define HAVE_GETOPT_H 1
#define HAVE_SYS_TYPES_H 1
#define HAVE_SYS_SOCKET_H 1
#define HAVE_NETINET_IN_H 1
#define HAVE_SYS_UN_H 1
#define HAVE_PTHREAD_H 1
#define STDC_HEADERS 1
#define TIME_WITH_SYS_TIME 1
#define RETSIGTYPE void
#define HAVE_SOCKLEN_T 1
#define HAVE_SOCKLEN_T /**/
#define HAVE_LIBPQ 1
#define HAVE_PGSQL /**/
#define HAVE_NAMESPACES /**/

configure: exit 0

## ---------------------- ##
## Running config.status. ##
## ---------------------- ##

This file was extended by config.status, which was
generated by GNU Autoconf 2.69.  Invocation command line was

  CONFIG_FILES    = 
  CONFIG_HEADERS  = 
  CONFIG_LINKS    = 
  CONFIG_COMMANDS = 
  $ ./config.status libircu/Makefile depfiles

on scw-a94e42

config.status:1242: creating libircu/Makefile
config.status:1471: executing depfiles commands
